# JRE version: 7.0_07-b11
# Java VM: Java HotSpot(TM) Client VM (23.3-b01 mixed mode, sharing windows-x86 )
Heap
 def new generation   total 4928K, used 4670K [0x22b40000, 0x23090000, 0x28090000)
  eden space 4416K,  94% used [0x22b40000, 0x22f4fb48, 0x22f90000)
  from space 512K, 100% used [0x22f90000, 0x23010000, 0x23010000)
  to   space 512K,   0% used [0x23010000, 0x23010000, 0x23090000)
 tenured generation   total 10944K, used 1753K [0x28090000, 0x28b40000, 0x32b40000)
   the space 10944K,  16% used [0x28090000, 0x28246750, 0x28246800, 0x28b40000)
 compacting perm gen  total 12288K, used 3266K [0x32b40000, 0x33740000, 0x36b40000)
   the space 12288K,  26% used [0x32b40000, 0x32e70a20, 0x32e70c00, 0x33740000)
    ro space 10240K,  45% used [0x36b40000, 0x36fc4650, 0x36fc4800, 0x37540000)
    rw space 12288K,  54% used [0x37540000, 0x37bc7e58, 0x37bc8000, 0x38140000)
GC Heap History (4 events):
Event: 7.384 GC heap before
{Heap before GC invocations=0 (full 0):
 def new generation   total 4928K, used 4416K [0x22b40000, 0x23090000, 0x28090000)
  eden space 4416K, 100% used [0x22b40000, 0x22f90000, 0x22f90000)
  from space 512K,   0% used [0x22f90000, 0x22f90000, 0x23010000)
  to   space 512K,   0% used [0x23010000, 0x23010000, 0x23090000)
 tenured generation   total 10944K, used 0K [0x28090000, 0x28b40000, 0x32b40000)
   the space 10944K,   0% used [0x28090000, 0x28090000, 0x28090200, 0x28b40000)
 compacting perm gen  total 12288K, used 1215K [0x32b40000, 0x33740000, 0x36b40000)
   the space 12288K,   9% used [0x32b40000, 0x32c6fd10, 0x32c6fe00, 0x33740000)
    ro space 10240K,  45% used [0x36b40000, 0x36fc4650, 0x36fc4800, 0x37540000)
    rw space 12288K,  54% used [0x37540000, 0x37bc7e58, 0x37bc8000, 0x38140000)
Event: 7.401 GC heap after
Heap after GC invocations=1 (full 0):
 def new generation   total 4928K, used 512K [0x22b40000, 0x23090000, 0x28090000)
  eden space 4416K,   0% used [0x22b40000, 0x22b40000, 0x22f90000)
  from space 512K, 100% used [0x23010000, 0x23090000, 0x23090000)
  to   space 512K,   0% used [0x22f90000, 0x22f90000, 0x23010000)
 tenured generation   total 10944K, used 588K [0x28090000, 0x28b40000, 0x32b40000)
   the space 10944K,   5% used [0x28090000, 0x28123228, 0x28123400, 0x28b40000)
 compacting perm gen  total 12288K, used 1215K [0x32b40000, 0x33740000, 0x36b40000)
   the space 12288K,   9% used [0x32b40000, 0x32c6fd10, 0x32c6fe00, 0x33740000)
    ro space 10240K,  45% used [0x36b40000, 0x36fc4650, 0x36fc4800, 0x37540000)
    rw space 12288K,  54% used [0x37540000, 0x37bc7e58, 0x37bc8000, 0x38140000)
}
Event: 9.497 GC heap before
{Heap before GC invocations=1 (full 0):
 def new generation   total 4928K, used 4928K [0x22b40000, 0x23090000, 0x28090000)
  eden space 4416K, 100% used [0x22b40000, 0x22f90000, 0x22f90000)
  from space 512K, 100% used [0x23010000, 0x23090000, 0x23090000)
  to   space 512K,   0% used [0x22f90000, 0x22f90000, 0x23010000)
 tenured generation   total 10944K, used 588K [0x28090000, 0x28b40000, 0x32b40000)
   the space 10944K,   5% used [0x28090000, 0x28123228, 0x28123400, 0x28b40000)
 compacting perm gen  total 12288K, used 2580K [0x32b40000, 0x33740000, 0x36b40000)
   the space 12288K,  20% used [0x32b40000, 0x32dc5048, 0x32dc5200, 0x33740000)
    ro space 10240K,  45% used [0x36b40000, 0x36fc4650, 0x36fc4800, 0x37540000)
    rw space 12288K,  54% used [0x37540000, 0x37bc7e58, 0x37bc8000, 0x38140000)
Event: 9.508 GC heap after
Heap after GC invocations=2 (full 0):
 def new generation   total 4928K, used 512K [0x22b40000, 0x23090000, 0x28090000)
  eden space 4416K,   0% used [0x22b40000, 0x22b40000, 0x22f90000)
  from space 512K, 100% used [0x22f90000, 0x23010000, 0x23010000)
  to   space 512K,   0% used [0x23010000, 0x23010000, 0x23090000)
 tenured generation   total 10944K, used 1753K [0x28090000, 0x28b40000, 0x32b40000)
   the space 10944K,  16% used [0x28090000, 0x28246750, 0x28246800, 0x28b40000)
 compacting perm gen  total 12288K, used 2580K [0x32b40000, 0x33740000, 0x36b40000)
   the space 12288K,  20% used [0x32b40000, 0x32dc5048, 0x32dc5200, 0x33740000)
    ro space 10240K,  45% used [0x36b40000, 0x36fc4650, 0x36fc4800, 0x37540000)
    rw space 12288K,  54% used [0x37540000, 0x37bc7e58, 0x37bc8000, 0x38140000)
}

